<?xml version="1.0" encoding="UTF-8"?>
<!-- Generated by org.testng.reporters.JUnitReportReporter -->
<testsuite skipped="0" hostname="JGRACIAM10" name="com.indra.es.TestNG1" tests="1" failures="0" timestamp="2020-01-24T12:55:01 CET" time="8.483" errors="0">
  <testcase name="singleTest" time="8.483" classname="com.indra.es.TestNG1"/>
</testsuite> <!-- com.indra.es.TestNG1 -->
